<?xml version="1.0" encoding="UTF-8"?>
<!-- Generated by org.testng.reporters.JUnitReportReporter -->
<testsuite skipped="1" hostname="LENOVO" name="com.Demotestng.Testng_features" tests="6" failures="0" timestamp="2022-03-29T21:34:51 IST" time="0.069" errors="0">
  <testcase name="Renault" time="0.031" classname="com.Demotestng.Testng_features"/>
  <system-out/>
  <testcase name="Tata" time="0.007" classname="com.Demotestng.Testng_features"/>
  <system-out/>
  <testcase name="yamaha" time="0.020" classname="com.Demotestng.Testng_features"/>
  <system-out/>
  <testcase name="yamaha" time="0.007" classname="com.Demotestng.Testng_features"/>
  <system-out/>
  <testcase name="Kia" time="0.004" classname="com.Demotestng.Testng_features"/>
  <system-out/>
  <testcase name="Narnia" classname="com.Demotestng.Testng_features">
    <skipped/>
  </testcase> <!-- Narnia -->
  <system-out/>
</testsuite> <!-- com.Demotestng.Testng_features -->
