<?xml version="1.0" encoding="UTF-8"?>
<!-- Generated by org.testng.reporters.JUnitReportReporter -->
<testsuite skipped="0" hostname="LENOVO" name="com.Demotestng.Testng_Expectedexceptions" tests="1" failures="0" timestamp="2022-03-29T21:42:24 IST" time="0.028" errors="0">
  <testcase name="sum" time="0.028" classname="com.Demotestng.Testng_Expectedexceptions"/>
  <system-out/>
</testsuite> <!-- com.Demotestng.Testng_Expectedexceptions -->
