<?xml version="1.0" encoding="UTF-8"?>
<!-- Generated by org.testng.reporters.JUnitReportReporter -->
<testsuite skipped="0" hostname="LENOVO" name="com.Demotestng.Demo_Testfeatures" tests="3" failures="0" timestamp="2022-03-28T19:01:41 IST" time="0.052" errors="0">
  <testcase name="summerdrs" time="0.020" classname="com.Demotestng.Demo_Testfeatures"/>
  <system-out/>
  <testcase name="tshirts" time="0.014" classname="com.Demotestng.Demo_Testfeatures"/>
  <system-out/>
  <testcase name="women" time="0.018" classname="com.Demotestng.Demo_Testfeatures"/>
  <system-out/>
</testsuite> <!-- com.Demotestng.Demo_Testfeatures -->
